<?xml version="1.0" encoding="UTF-8"?>
<!-- Generated by org.testng.reporters.JUnitReportReporter -->
<testsuite hostname="LAPTOP-RMM49PNR" failures="0" tests="1" name="postRequest.PostData" time="2.583" errors="0" timestamp="2021-01-27T17:02:36 WIB" skipped="0">
  <testcase classname="postRequest.PostData" name="requestData" time="2.583"/>
  <system-out/>
</testsuite> <!-- postRequest.PostData -->
