<?xml version="1.0" encoding="UTF-8"?>
<!-- Generated by org.testng.reporters.JUnitReportReporter -->
<testsuite hostname="LAPTOP-RMM49PNR" failures="0" tests="1" name="getRequest.GetData" time="2.715" errors="0" timestamp="2021-01-27T17:02:22 WIB" skipped="0">
  <testcase classname="getRequest.GetData" name="responseData" time="2.715"/>
  <system-out/>
</testsuite> <!-- getRequest.GetData -->
